<?xml version="1.0" encoding="UTF-8"?>
<testng-results ignored="0" total="1" passed="1" failed="0" skipped="0">
  <reporter-output>
  </reporter-output>
  <suite started-at="2023-04-17T19:14:50 IST" name="Default suite" finished-at="2023-04-17T19:24:19 IST" duration-ms="568951">
    <groups>
    </groups>
    <test started-at="2023-04-17T19:14:50 IST" name="Default test" finished-at="2023-04-17T19:24:19 IST" duration-ms="568951">
      <class name="testCases.JivoxIdVerification">
        <test-method signature="verifyingJivoxID()[pri:0, instance:testCases.JivoxIdVerification@3b65e559]" started-at="2023-04-17T19:14:50 IST" name="verifyingJivoxID" finished-at="2023-04-17T19:24:19 IST" duration-ms="568856" status="PASS">
          <reporter-output>
          </reporter-output>
        </test-method> <!-- verifyingJivoxID -->
      </class> <!-- testCases.JivoxIdVerification -->
    </test> <!-- Default test -->
  </suite> <!-- Default suite -->
</testng-results>
